<?xml version="1.0" encoding="UTF-8"?>
<testsuite xmlns:xsi="http://www.w3.org/2001/XMLSchema-instance" xsi:noNamespaceSchemaLocation="https://maven.apache.org/surefire/maven-surefire-plugin/xsd/surefire-test-report.xsd" version="3.0.2" name="com.symptomchecker.symptom_checker.SymptomCheckerApplicationTests" time="7.257" tests="1" errors="0" skipped="0" failures="0">
  <properties>
[...]
</properties>
  <testcase name="contextLoads" classname="com.symptomchecker.symptom_checker.SymptomCheckerApplicationTests" time="1.446">
    <system-out><![CDATA[23:19:26.904 [main] INFO org.springframework.test.context.support.AnnotationConfigContextLoaderUtils -- Could not detect default configuration classes for test class [com.symptomchecker.symptom_checker.SymptomCheckerApplicationTests]: SymptomCheckerApplicationTests does not declare any static, non-private, non-final, nested classes annotated with @Configuration.
23:19:27.054 [main] INFO org.springframework.boot.test.context.SpringBootTestContextBootstrapper -- Found @SpringBootConfiguration com.symptomchecker.symptom_checker.SymptomCheckerApplication for test class com.symptomchecker.symptom_checker.SymptomCheckerApplicationTests
23:19:27.337 [main] INFO org.springframework.boot.devtools.restart.RestartApplicationListener -- Restart disabled due to context in which it is running

  .   ____          _            __ _ _
 /\\ / ___'_ __ _ _(_)_ __  __ _ \ \ \ \
( ( )\___ | '_ | '_| | '_ \/ _` | \ \ \ \
 \\/  ___)| |_)| | | | | || (_| |  ) ) ) )
  '  |____| .__|_| |_|_| |_\__, | / / / /
 =========|_|==============|___/=/_/_/_/

 :: Spring Boot ::                (v3.5.4)

2025-10-03T23:19:27.795+05:30  INFO 7484 --- [symptom-checker] [           main] c.s.s.SymptomCheckerApplicationTests     : Starting SymptomCheckerApplicationTests using Java 21.0.8 with PID 7484 (started by Kshitij Parkhe in D:\java projects\Java-miniProject-\symptom-checker (1)\symptom-checker)
2025-10-03T23:19:27.797+05:30  INFO 7484 --- [symptom-checker] [           main] c.s.s.SymptomCheckerApplicationTests     : No active profile set, falling back to 1 default profile: "default"
2025-10-03T23:19:29.070+05:30  INFO 7484 --- [symptom-checker] [           main] .s.d.r.c.RepositoryConfigurationDelegate : Bootstrapping Spring Data MongoDB repositories in DEFAULT mode.
2025-10-03T23:19:29.168+05:30  INFO 7484 --- [symptom-checker] [           main] .s.d.r.c.RepositoryConfigurationDelegate : Finished Spring Data repository scanning in 87 ms. Found 2 MongoDB repository interfaces.
2025-10-03T23:19:30.007+05:30  INFO 7484 --- [symptom-checker] [iec.mongodb.net] org.mongodb.driver.cluster               : Adding discovered server ac-0nkytfy-shard-00-00.q4j8iec.mongodb.net:27017 to client view of cluster
2025-10-03T23:19:30.017+05:30  INFO 7484 --- [symptom-checker] [           main] org.mongodb.driver.client                : MongoClient with metadata {"driver": {"name": "mongo-java-driver|sync|spring-boot", "version": "5.5.1"}, "os": {"type": "Windows", "name": "Windows 11", "architecture": "amd64", "version": "10.0"}, "platform": "Java/Eclipse Adoptium/21.0.8+9-LTS"} created with settings MongoClientSettings{readPreference=primary, writeConcern=WriteConcern{w=majority, wTimeout=null ms, journal=null}, retryWrites=true, retryReads=true, readConcern=ReadConcern{level=null}, credential=MongoCredential{mechanism=null, userName='arogya123', source='admin', password=<hidden>, mechanismProperties=<hidden>}, transportSettings=null, commandListeners=[], codecRegistry=ProvidersCodecRegistry{codecProviders=[ValueCodecProvider{}, BsonValueCodecProvider{}, DBRefCodecProvider{}, DBObjectCodecProvider{}, DocumentCodecProvider{}, CollectionCodecProvider{}, IterableCodecProvider{}, MapCodecProvider{}, GeoJsonCodecProvider{}, GridFSFileCodecProvider{}, Jsr310CodecProvider{}, JsonObjectCodecProvider{}, BsonCodecProvider{}, EnumCodecProvider{}, com.mongodb.client.model.mql.ExpressionCodecProvider@484149eb, com.mongodb.Jep395RecordCodecProvider@14c141c0, com.mongodb.KotlinCodecProvider@61874b9d]}, loggerSettings=LoggerSettings{maxDocumentLength=1000}, clusterSettings={hosts=[127.0.0.1:27017], srvHost=cluster0.q4j8iec.mongodb.net, srvServiceName=mongodb, mode=MULTIPLE, requiredClusterType=REPLICA_SET, requiredReplicaSetName='atlas-l98uo0-shard-0', serverSelector='null', clusterListeners='[]', serverSelectionTimeout='30000 ms', localThreshold='15 ms'}, socketSettings=SocketSettings{connectTimeoutMS=10000, readTimeoutMS=0, receiveBufferSize=0, proxySettings=ProxySettings{host=null, port=null, username=null, password=null}}, heartbeatSocketSettings=SocketSettings{connectTimeoutMS=10000, readTimeoutMS=10000, receiveBufferSize=0, proxySettings=ProxySettings{host=null, port=null, username=null, password=null}}, connectionPoolSettings=ConnectionPoolSettings{maxSize=100, minSize=0, maxWaitTimeMS=120000, maxConnectionLifeTimeMS=0, maxConnectionIdleTimeMS=0, maintenanceInitialDelayMS=0, maintenanceFrequencyMS=60000, connectionPoolListeners=[], maxConnecting=2}, serverSettings=ServerSettings{heartbeatFrequencyMS=10000, minHeartbeatFrequencyMS=500, serverMonitoringMode=AUTO, serverListeners='[]', serverMonitorListeners='[]'}, sslSettings=SslSettings{enabled=true, invalidHostNameAllowed=false, context=null}, applicationName='null', compressorList=[], uuidRepresentation=JAVA_LEGACY, serverApi=null, autoEncryptionSettings=null, dnsClient=null, inetAddressResolver=null, contextProvider=null, timeoutMS=null}
2025-10-03T23:19:30.075+05:30  INFO 7484 --- [symptom-checker] [iec.mongodb.net] org.mongodb.driver.cluster               : Adding discovered server ac-0nkytfy-shard-00-01.q4j8iec.mongodb.net:27017 to client view of cluster
2025-10-03T23:19:30.083+05:30  INFO 7484 --- [symptom-checker] [iec.mongodb.net] org.mongodb.driver.cluster               : Adding discovered server ac-0nkytfy-shard-00-02.q4j8iec.mongodb.net:27017 to client view of cluster
2025-10-03T23:19:30.955+05:30  INFO 7484 --- [symptom-checker] [ngodb.net:27017] org.mongodb.driver.cluster               : Monitor thread successfully connected to server with description ServerDescription{address=ac-0nkytfy-shard-00-00.q4j8iec.mongodb.net:27017, type=REPLICA_SET_SECONDARY, cryptd=false, state=CONNECTED, ok=true, minWireVersion=0, maxWireVersion=25, maxDocumentSize=16777216, logicalSessionTimeoutMinutes=30, roundTripTimeNanos=475477300, minRoundTripTimeNanos=0, setName='atlas-l98uo0-shard-0', canonicalAddress=ac-0nkytfy-shard-00-00.q4j8iec.mongodb.net:27017, hosts=[ac-0nkytfy-shard-00-01.q4j8iec.mongodb.net:27017, ac-0nkytfy-shard-00-02.q4j8iec.mongodb.net:27017, ac-0nkytfy-shard-00-00.q4j8iec.mongodb.net:27017], passives=[], arbiters=[], primary='ac-0nkytfy-shard-00-01.q4j8iec.mongodb.net:27017', tagSet=TagSet{[Tag{name='availabilityZone', value='aps1-az1'}, Tag{name='diskState', value='READY'}, Tag{name='nodeType', value='ELECTABLE'}, Tag{name='provider', value='AWS'}, Tag{name='region', value='AP_SOUTH_1'}, Tag{name='workloadType', value='OPERATIONAL'}]}, electionId=null, setVersion=82, topologyVersion=TopologyVersion{processId=68d2c1533ab55e6ee121a7ad, counter=5}, lastWriteDate=Fri Oct 03 23:19:31 IST 2025, lastUpdateTimeNanos=87285759728200}
2025-10-03T23:19:30.955+05:30  INFO 7484 --- [symptom-checker] [ngodb.net:27017] org.mongodb.driver.cluster               : Monitor thread successfully connected to server with description ServerDescription{address=ac-0nkytfy-shard-00-01.q4j8iec.mongodb.net:27017, type=REPLICA_SET_PRIMARY, cryptd=false, state=CONNECTED, ok=true, minWireVersion=0, maxWireVersion=25, maxDocumentSize=16777216, logicalSessionTimeoutMinutes=30, roundTripTimeNanos=471553600, minRoundTripTimeNanos=0, setName='atlas-l98uo0-shard-0', canonicalAddress=ac-0nkytfy-shard-00-01.q4j8iec.mongodb.net:27017, hosts=[ac-0nkytfy-shard-00-01.q4j8iec.mongodb.net:27017, ac-0nkytfy-shard-00-02.q4j8iec.mongodb.net:27017, ac-0nkytfy-shard-00-00.q4j8iec.mongodb.net:27017], passives=[], arbiters=[], primary='ac-0nkytfy-shard-00-01.q4j8iec.mongodb.net:27017', tagSet=TagSet{[Tag{name='availabilityZone', value='aps1-az3'}, Tag{name='diskState', value='READY'}, Tag{name='nodeType', value='ELECTABLE'}, Tag{name='provider', value='AWS'}, Tag{name='region', value='AP_SOUTH_1'}, Tag{name='workloadType', value='OPERATIONAL'}]}, electionId=7fffffff000000000000006b, setVersion=82, topologyVersion=TopologyVersion{processId=68d2c07d18deeebd86bc327c, counter=9}, lastWriteDate=Fri Oct 03 23:19:31 IST 2025, lastUpdateTimeNanos=87285759728400}
2025-10-03T23:19:30.958+05:30  INFO 7484 --- [symptom-checker] [ngodb.net:27017] org.mongodb.driver.cluster               : Monitor thread successfully connected to server with description ServerDescription{address=ac-0nkytfy-shard-00-02.q4j8iec.mongodb.net:27017, type=REPLICA_SET_SECONDARY, cryptd=false, state=CONNECTED, ok=true, minWireVersion=0, maxWireVersion=25, maxDocumentSize=16777216, logicalSessionTimeoutMinutes=30, roundTripTimeNanos=481555800, minRoundTripTimeNanos=0, setName='atlas-l98uo0-shard-0', canonicalAddress=ac-0nkytfy-shard-00-02.q4j8iec.mongodb.net:27017, hosts=[ac-0nkytfy-shard-00-01.q4j8iec.mongodb.net:27017, ac-0nkytfy-shard-00-02.q4j8iec.mongodb.net:27017, ac-0nkytfy-shard-00-00.q4j8iec.mongodb.net:27017], passives=[], arbiters=[], primary='ac-0nkytfy-shard-00-01.q4j8iec.mongodb.net:27017', tagSet=TagSet{[Tag{name='availabilityZone', value='aps1-az2'}, Tag{name='diskState', value='READY'}, Tag{name='nodeType', value='ELECTABLE'}, Tag{name='provider', value='AWS'}, Tag{name='region', value='AP_SOUTH_1'}, Tag{name='workloadType', value='OPERATIONAL'}]}, electionId=null, setVersion=82, topologyVersion=TopologyVersion{processId=68d2c2b07334f5ed234ea9f3, counter=5}, lastWriteDate=Fri Oct 03 23:19:31 IST 2025, lastUpdateTimeNanos=87285759728400}
2025-10-03T23:19:30.966+05:30  INFO 7484 --- [symptom-checker] [ngodb.net:27017] org.mongodb.driver.cluster               : Discovered replica set primary ac-0nkytfy-shard-00-01.q4j8iec.mongodb.net:27017 with max election id 7fffffff000000000000006b and max set version 82
2025-10-03T23:19:31.385+05:30  INFO 7484 --- [symptom-checker] [           main] o.s.b.a.w.s.WelcomePageHandlerMapping    : Adding welcome page: class path resource [static/index.html]
2025-10-03T23:19:32.090+05:30  INFO 7484 --- [symptom-checker] [           main] c.s.s.SymptomCheckerApplicationTests     : Started SymptomCheckerApplicationTests in 4.773 seconds (process running for 6.179)
⚠️ Diseases already exist, skipping import.
]]></system-out>
    <system-err><![CDATA[Mockito is currently self-attaching to enable the inline-mock-maker. This will no longer work in future releases of the JDK. Please add Mockito as an agent to your build as described in Mockito's documentation: https://javadoc.io/doc/org.mockito/mockito-core/latest/org.mockito/org/mockito/Mockito.html#0.3
WARNING: A Java agent has been loaded dynamically (C:\Users\Kshitij Parkhe\.m2\repository\net\bytebuddy\byte-buddy-agent\1.17.6\byte-buddy-agent-1.17.6.jar)
WARNING: If a serviceability tool is in use, please run with -XX:+EnableDynamicAgentLoading to hide this warning
WARNING: If a serviceability tool is not in use, please run with -Djdk.instrument.traceUsage for more information
WARNING: Dynamic loading of agents will be disallowed by default in a future release
]]></system-err>
  </testcase>
</testsuite>